<?xml version="1.0" encoding="UTF-8"?>
<!-- Generated by org.testng.reporters.JUnitReportReporter -->
<testsuite skipped="0" hostname="DESKTOP-23V34RH" name="testcases.TestRunner" tests="1" failures="0" timestamp="18 Mar 2021 17:32:27 GMT" time="4.623" errors="0">
  <testcase name="feature" time="4.623" classname="testcases.TestRunner"/>
</testsuite> <!-- testcases.TestRunner -->
